\BOOKMARK [1][-]{section.1}{Introduction}{}% 1
\BOOKMARK [1][-]{section.2}{Terms and definition}{}% 2
\BOOKMARK [1][-]{section.3}{Background and Related Work}{}% 3
\BOOKMARK [2][-]{subsection.3.1}{Data Deduplication}{section.3}% 4
\BOOKMARK [3][-]{subsubsection.3.1.1}{Hash Based Deduplication}{subsection.3.1}% 5
\BOOKMARK [3][-]{subsubsection.3.1.2}{Types of Deduplication}{subsection.3.1}% 6
\BOOKMARK [3][-]{subsubsection.3.1.3}{Summary}{subsection.3.1}% 7
\BOOKMARK [2][-]{subsection.3.2}{Confidentiality and Privacy Issues in Remote Storage}{section.3}% 8
\BOOKMARK [3][-]{subsubsection.3.2.1}{Potential Attacks}{subsection.3.2}% 9
\BOOKMARK [2][-]{subsection.3.3}{Summary}{section.3}% 10
\BOOKMARK [1][-]{section.4}{Approach}{}% 11
\BOOKMARK [2][-]{subsection.4.1}{Solution \043 1}{section.4}% 12
\BOOKMARK [3][-]{subsubsection.4.1.1}{Setup}{subsection.4.1}% 13
\BOOKMARK [3][-]{subsubsection.4.1.2}{Security And Efficiency}{subsection.4.1}% 14
\BOOKMARK [2][-]{subsection.4.2}{Solution \043 2}{section.4}% 15
\BOOKMARK [3][-]{subsubsection.4.2.1}{Setup}{subsection.4.2}% 16
\BOOKMARK [3][-]{subsubsection.4.2.2}{Security And Efficiency}{subsection.4.2}% 17
\BOOKMARK [2][-]{subsection.4.3}{Solution \043 3}{section.4}% 18
\BOOKMARK [3][-]{subsubsection.4.3.1}{Setup}{subsection.4.3}% 19
\BOOKMARK [3][-]{subsubsection.4.3.2}{Security And Efficiency}{subsection.4.3}% 20
\BOOKMARK [2][-]{subsection.4.4}{Solution \043 4}{section.4}% 21
\BOOKMARK [3][-]{subsubsection.4.4.1}{Setup}{subsection.4.4}% 22
\BOOKMARK [3][-]{subsubsection.4.4.2}{Security And Efficiency}{subsection.4.4}% 23
\BOOKMARK [2][-]{subsection.4.5}{Solution \043 5}{section.4}% 24
\BOOKMARK [3][-]{subsubsection.4.5.1}{Setup}{subsection.4.5}% 25
\BOOKMARK [3][-]{subsubsection.4.5.2}{Security And Efficiency}{subsection.4.5}% 26
\BOOKMARK [2][-]{subsection.4.6}{Solution \043 6}{section.4}% 27
\BOOKMARK [3][-]{subsubsection.4.6.1}{Setup}{subsection.4.6}% 28
\BOOKMARK [3][-]{subsubsection.4.6.2}{Security And Efficiency}{subsection.4.6}% 29
\BOOKMARK [2][-]{subsection.4.7}{Solution \043 7}{section.4}% 30
\BOOKMARK [3][-]{subsubsection.4.7.1}{Setup}{subsection.4.7}% 31
\BOOKMARK [3][-]{subsubsection.4.7.2}{Security And Efficiency}{subsection.4.7}% 32
\BOOKMARK [1][-]{section.5}{Evaluation}{}% 33
\BOOKMARK [1][-]{section.6}{Future Work}{}% 34
\BOOKMARK [1][-]{section.7}{Conclusions}{}% 35
\BOOKMARK [1][-]{section.7}{References}{}% 36
\BOOKMARK [1][-]{appendix.1}{Appendix 1}{}% 37
